0 info it worked if it ends with ok
1 verbose cli [ 'C:\\Program Files (x86)\\nodejs\\node.exe',
1 verbose cli   'C:\\Users\\mail\\AppData\\Roaming\\npm\\node_modules\\npm\\bin\\npm-cli.js',
1 verbose cli   'install' ]
2 info using npm@4.0.3
3 info using node@v4.2.6
4 silly loadCurrentTree Starting
5 silly install loadCurrentTree
6 silly install readLocalPackageData
7 silly install normalizeTree
8 silly loadCurrentTree Finishing
9 silly loadIdealTree Starting
10 silly install loadIdealTree
11 silly cloneCurrentTree Starting
12 silly install cloneCurrentTreeToIdealTree
13 silly cloneCurrentTree Finishing
14 silly loadShrinkwrap Starting
15 silly install loadShrinkwrap
16 silly loadShrinkwrap Finishing
17 silly loadAllDepsIntoIdealTree Starting
18 silly install loadAllDepsIntoIdealTree
19 silly fetchNamedPackageData sleep
20 silly mapToRegistry name sleep
21 silly mapToRegistry using default registry
22 silly mapToRegistry registry https://registry.npmjs.org/
23 silly mapToRegistry data Result {
23 silly mapToRegistry   raw: 'sleep',
23 silly mapToRegistry   scope: null,
23 silly mapToRegistry   escapedName: 'sleep',
23 silly mapToRegistry   name: 'sleep',
23 silly mapToRegistry   rawSpec: '',
23 silly mapToRegistry   spec: 'latest',
23 silly mapToRegistry   type: 'tag' }
24 silly mapToRegistry uri https://registry.npmjs.org/sleep
25 verbose request uri https://registry.npmjs.org/sleep
26 verbose request no auth needed
27 info attempt registry request try #1 at 02:17:06
28 verbose request id 52af1c6e8c42dd34
29 verbose etag W/"5826f3f8-4cf6"
30 verbose lastModified Sat, 12 Nov 2016 10:50:32 GMT
31 http request GET https://registry.npmjs.org/sleep
32 http 304 https://registry.npmjs.org/sleep
33 verbose headers { date: 'Wed, 14 Dec 2016 01:17:06 GMT',
33 verbose headers   via: '1.1 varnish',
33 verbose headers   'cache-control': 'max-age=300',
33 verbose headers   etag: 'W/"5826f3f8-4cf6"',
33 verbose headers   age: '0',
33 verbose headers   connection: 'keep-alive',
33 verbose headers   'x-served-by': 'cache-fra1246-FRA',
33 verbose headers   'x-cache': 'HIT',
33 verbose headers   'x-cache-hits': '1',
33 verbose headers   'x-timer': 'S1481678226.954586,VS0,VE1',
33 verbose headers   vary: 'Accept-Encoding' }
34 silly get cb [ 304,
34 silly get   { date: 'Wed, 14 Dec 2016 01:17:06 GMT',
34 silly get     via: '1.1 varnish',
34 silly get     'cache-control': 'max-age=300',
34 silly get     etag: 'W/"5826f3f8-4cf6"',
34 silly get     age: '0',
34 silly get     connection: 'keep-alive',
34 silly get     'x-served-by': 'cache-fra1246-FRA',
34 silly get     'x-cache': 'HIT',
34 silly get     'x-cache-hits': '1',
34 silly get     'x-timer': 'S1481678226.954586,VS0,VE1',
34 silly get     vary: 'Accept-Encoding' } ]
35 verbose etag https://registry.npmjs.org/sleep from cache
36 verbose get saving sleep to C:\Users\mail\AppData\Roaming\npm-cache\registry.npmjs.org\sleep\.cache.json
37 verbose correctMkdir C:\Users\mail\AppData\Roaming\npm-cache correctMkdir not in flight; initializing
38 silly resolveWithNewModule sleep@3.0.1 checking installable status
39 silly cache add args [ 'sleep@^3.0.1', null ]
40 verbose cache add spec sleep@^3.0.1
41 silly cache add parsed spec Result {
41 silly cache add   raw: 'sleep@^3.0.1',
41 silly cache add   scope: null,
41 silly cache add   escapedName: 'sleep',
41 silly cache add   name: 'sleep',
41 silly cache add   rawSpec: '^3.0.1',
41 silly cache add   spec: '>=3.0.1 <4.0.0',
41 silly cache add   type: 'range' }
42 silly addNamed sleep@>=3.0.1 <4.0.0
43 verbose addNamed ">=3.0.1 <4.0.0" is a valid semver range for sleep
44 silly addNameRange { name: 'sleep', range: '>=3.0.1 <4.0.0', hasData: false }
45 silly mapToRegistry name sleep
46 silly mapToRegistry using default registry
47 silly mapToRegistry registry https://registry.npmjs.org/
48 silly mapToRegistry data Result {
48 silly mapToRegistry   raw: 'sleep',
48 silly mapToRegistry   scope: null,
48 silly mapToRegistry   escapedName: 'sleep',
48 silly mapToRegistry   name: 'sleep',
48 silly mapToRegistry   rawSpec: '',
48 silly mapToRegistry   spec: 'latest',
48 silly mapToRegistry   type: 'tag' }
49 silly mapToRegistry uri https://registry.npmjs.org/sleep
50 verbose addNameRange registry:https://registry.npmjs.org/sleep not in flight; fetching
51 verbose get https://registry.npmjs.org/sleep not expired, no request
52 silly addNameRange number 2 { name: 'sleep', range: '>=3.0.1 <4.0.0', hasData: true }
53 silly addNameRange versions [ 'sleep',
53 silly addNameRange   [ '1.0.0',
53 silly addNameRange     '1.0.1',
53 silly addNameRange     '1.0.2',
53 silly addNameRange     '1.1.0',
53 silly addNameRange     '1.1.1',
53 silly addNameRange     '1.1.2',
53 silly addNameRange     '1.1.3',
53 silly addNameRange     '1.1.4',
53 silly addNameRange     '1.1.5',
53 silly addNameRange     '1.1.6',
53 silly addNameRange     '1.1.7',
53 silly addNameRange     '1.1.8',
53 silly addNameRange     '1.2.0',
53 silly addNameRange     '2.0.0',
53 silly addNameRange     '3.0.0',
53 silly addNameRange     '3.0.1',
53 silly addNameRange     '4.0.0',
53 silly addNameRange     '5.0.0' ] ]
54 silly addNamed sleep@3.0.1
55 verbose addNamed "3.0.1" is a plain semver version for sleep
56 silly cache afterAdd sleep@3.0.1
57 verbose afterAdd C:\Users\mail\AppData\Roaming\npm-cache\sleep\3.0.1\package\package.json not in flight; writing
58 verbose correctMkdir C:\Users\mail\AppData\Roaming\npm-cache correctMkdir not in flight; initializing
59 verbose afterAdd C:\Users\mail\AppData\Roaming\npm-cache\sleep\3.0.1\package\package.json written
60 silly fetchNamedPackageData nan
61 silly mapToRegistry name nan
62 silly mapToRegistry using default registry
63 silly mapToRegistry registry https://registry.npmjs.org/
64 silly mapToRegistry data Result {
64 silly mapToRegistry   raw: 'nan',
64 silly mapToRegistry   scope: null,
64 silly mapToRegistry   escapedName: 'nan',
64 silly mapToRegistry   name: 'nan',
64 silly mapToRegistry   rawSpec: '',
64 silly mapToRegistry   spec: 'latest',
64 silly mapToRegistry   type: 'tag' }
65 silly mapToRegistry uri https://registry.npmjs.org/nan
66 verbose request uri https://registry.npmjs.org/nan
67 verbose request no auth needed
68 info attempt registry request try #1 at 02:17:07
69 verbose etag W/"58429a07-1ce2d"
70 verbose lastModified Sat, 03 Dec 2016 10:10:15 GMT
71 http request GET https://registry.npmjs.org/nan
72 http 304 https://registry.npmjs.org/nan
73 verbose headers { date: 'Wed, 14 Dec 2016 01:17:07 GMT',
73 verbose headers   via: '1.1 varnish',
73 verbose headers   'cache-control': 'max-age=300',
73 verbose headers   etag: 'W/"58429a07-1ce2d"',
73 verbose headers   age: '208',
73 verbose headers   connection: 'keep-alive',
73 verbose headers   'x-served-by': 'cache-fra1234-FRA',
73 verbose headers   'x-cache': 'HIT',
73 verbose headers   'x-cache-hits': '1',
73 verbose headers   'x-timer': 'S1481678227.071460,VS0,VE0',
73 verbose headers   vary: 'Accept-Encoding' }
74 silly get cb [ 304,
74 silly get   { date: 'Wed, 14 Dec 2016 01:17:07 GMT',
74 silly get     via: '1.1 varnish',
74 silly get     'cache-control': 'max-age=300',
74 silly get     etag: 'W/"58429a07-1ce2d"',
74 silly get     age: '208',
74 silly get     connection: 'keep-alive',
74 silly get     'x-served-by': 'cache-fra1234-FRA',
74 silly get     'x-cache': 'HIT',
74 silly get     'x-cache-hits': '1',
74 silly get     'x-timer': 'S1481678227.071460,VS0,VE0',
74 silly get     vary: 'Accept-Encoding' } ]
75 verbose etag https://registry.npmjs.org/nan from cache
76 verbose get saving nan to C:\Users\mail\AppData\Roaming\npm-cache\registry.npmjs.org\nan\.cache.json
77 verbose correctMkdir C:\Users\mail\AppData\Roaming\npm-cache correctMkdir not in flight; initializing
78 silly resolveWithNewModule nan@2.4.0 checking installable status
79 silly cache add args [ 'nan@>=2.0.0', null ]
80 verbose cache add spec nan@>=2.0.0
81 silly cache add parsed spec Result {
81 silly cache add   raw: 'nan@>=2.0.0',
81 silly cache add   scope: null,
81 silly cache add   escapedName: 'nan',
81 silly cache add   name: 'nan',
81 silly cache add   rawSpec: '>=2.0.0',
81 silly cache add   spec: '>=2.0.0',
81 silly cache add   type: 'range' }
82 silly addNamed nan@>=2.0.0
83 verbose addNamed ">=2.0.0" is a valid semver range for nan
84 silly addNameRange { name: 'nan', range: '>=2.0.0', hasData: false }
85 silly mapToRegistry name nan
86 silly mapToRegistry using default registry
87 silly mapToRegistry registry https://registry.npmjs.org/
88 silly mapToRegistry data Result {
88 silly mapToRegistry   raw: 'nan',
88 silly mapToRegistry   scope: null,
88 silly mapToRegistry   escapedName: 'nan',
88 silly mapToRegistry   name: 'nan',
88 silly mapToRegistry   rawSpec: '',
88 silly mapToRegistry   spec: 'latest',
88 silly mapToRegistry   type: 'tag' }
89 silly mapToRegistry uri https://registry.npmjs.org/nan
90 verbose addNameRange registry:https://registry.npmjs.org/nan not in flight; fetching
91 verbose get https://registry.npmjs.org/nan not expired, no request
92 silly addNameRange number 2 { name: 'nan', range: '>=2.0.0', hasData: true }
93 silly addNameRange versions [ 'nan',
93 silly addNameRange   [ '0.3.0-wip',
93 silly addNameRange     '0.3.0-wip2',
93 silly addNameRange     '0.3.0',
93 silly addNameRange     '0.3.1',
93 silly addNameRange     '0.3.2',
93 silly addNameRange     '0.4.0',
93 silly addNameRange     '0.4.1',
93 silly addNameRange     '0.4.2',
93 silly addNameRange     '0.4.3',
93 silly addNameRange     '0.4.4',
93 silly addNameRange     '0.5.0',
93 silly addNameRange     '0.5.1',
93 silly addNameRange     '0.5.2',
93 silly addNameRange     '0.6.0',
93 silly addNameRange     '0.7.0',
93 silly addNameRange     '0.7.1',
93 silly addNameRange     '0.8.0',
93 silly addNameRange     '1.0.0',
93 silly addNameRange     '1.1.0',
93 silly addNameRange     '1.1.1',
93 silly addNameRange     '1.1.2',
93 silly addNameRange     '1.2.0',
93 silly addNameRange     '1.3.0',
93 silly addNameRange     '1.4.0',
93 silly addNameRange     '1.4.1',
93 silly addNameRange     '1.5.0',
93 silly addNameRange     '1.4.2',
93 silly addNameRange     '1.4.3',
93 silly addNameRange     '1.5.1',
93 silly addNameRange     '1.5.2',
93 silly addNameRange     '1.6.0',
93 silly addNameRange     '1.5.3',
93 silly addNameRange     '1.6.1',
93 silly addNameRange     '1.6.2',
93 silly addNameRange     '1.7.0',
93 silly addNameRange     '1.8.0',
93 silly addNameRange     '1.8.1',
93 silly addNameRange     '1.8.2',
93 silly addNameRange     '1.8.3',
93 silly addNameRange     '1.8.4',
93 silly addNameRange     '1.9.0',
93 silly addNameRange     '2.0.0',
93 silly addNameRange     '2.0.1',
93 silly addNameRange     '2.0.2',
93 silly addNameRange     '2.0.3',
93 silly addNameRange     '2.0.4',
93 silly addNameRange     '2.0.5',
93 silly addNameRange     '2.0.6',
93 silly addNameRange     '2.0.7',
93 silly addNameRange     '2.0.8',
93 silly addNameRange     '2.0.9',
93 silly addNameRange     '2.1.0',
93 silly addNameRange     '2.2.0',
93 silly addNameRange     '2.2.1',
93 silly addNameRange     '2.3.0',
93 silly addNameRange     '2.3.1',
93 silly addNameRange     '2.3.2',
93 silly addNameRange     '2.3.3',
93 silly addNameRange     '2.3.4',
93 silly addNameRange     '2.3.5',
93 silly addNameRange     '2.4.0' ] ]
94 silly addNamed nan@2.4.0
95 verbose addNamed "2.4.0" is a plain semver version for nan
96 silly cache afterAdd nan@2.4.0
97 verbose afterAdd C:\Users\mail\AppData\Roaming\npm-cache\nan\2.4.0\package\package.json not in flight; writing
98 verbose correctMkdir C:\Users\mail\AppData\Roaming\npm-cache correctMkdir not in flight; initializing
99 verbose afterAdd C:\Users\mail\AppData\Roaming\npm-cache\nan\2.4.0\package\package.json written
100 silly loadAllDepsIntoIdealTree Finishing
101 silly loadIdealTree Finishing
102 silly currentTree electron-quick-start@1.0.0
102 silly currentTree +-- ansi-regex@2.0.0
102 silly currentTree +-- ansi-styles@2.2.1
102 silly currentTree +-- array-find-index@1.0.2
102 silly currentTree +-- asn1@0.2.3
102 silly currentTree +-- assert-plus@0.2.0
102 silly currentTree +-- asynckit@0.4.0
102 silly currentTree +-- aws-sign2@0.6.0
102 silly currentTree +-- aws4@1.5.0
102 silly currentTree +-- balanced-match@0.4.2
102 silly currentTree +-- bcrypt-pbkdf@1.0.0
102 silly currentTree +-- boom@2.10.1
102 silly currentTree +-- brace-expansion@1.1.6
102 silly currentTree +-- builtin-modules@1.1.1
102 silly currentTree +-- camelcase-keys@2.1.0
102 silly currentTree +-- camelcase@2.1.1
102 silly currentTree +-- caseless@0.11.0
102 silly currentTree +-- chalk@1.1.3
102 silly currentTree +-- code-point-at@1.1.0
102 silly currentTree +-- combined-stream@1.0.5
102 silly currentTree +-- commander@2.9.0
102 silly currentTree +-- concat-map@0.0.1
102 silly currentTree +-- concat-stream@1.5.0
102 silly currentTree | +-- isarray@1.0.0
102 silly currentTree | `-- readable-stream@2.0.6
102 silly currentTree +-- core-util-is@1.0.2
102 silly currentTree +-- cryptiles@2.0.5
102 silly currentTree +-- currently-unhandled@0.4.1
102 silly currentTree +-- dashdash@1.14.1
102 silly currentTree | `-- assert-plus@1.0.0
102 silly currentTree +-- debug@2.3.3
102 silly currentTree +-- decamelize@1.2.0
102 silly currentTree +-- deep-extend@0.4.1
102 silly currentTree +-- delayed-stream@1.0.0
102 silly currentTree +-- ecc-jsbn@0.1.1
102 silly currentTree +-- electron-download@3.0.1
102 silly currentTree +-- electron-prebuilt@1.4.12
102 silly currentTree +-- error-ex@1.3.0
102 silly currentTree +-- es6-promise@4.0.5
102 silly currentTree +-- escape-string-regexp@1.0.5
102 silly currentTree +-- extend@3.0.0
102 silly currentTree +-- extract-zip@1.5.0
102 silly currentTree | `-- debug@0.7.4
102 silly currentTree +-- extsprintf@1.0.2
102 silly currentTree +-- fd-slicer@1.0.1
102 silly currentTree +-- find-up@1.1.2
102 silly currentTree +-- forever-agent@0.6.1
102 silly currentTree +-- form-data@2.1.2
102 silly currentTree +-- fs-extra@0.30.0
102 silly currentTree +-- fs.realpath@1.0.0
102 silly currentTree +-- generate-function@2.0.0
102 silly currentTree +-- generate-object-property@1.2.0
102 silly currentTree +-- get-stdin@4.0.1
102 silly currentTree +-- getpass@0.1.6
102 silly currentTree | `-- assert-plus@1.0.0
102 silly currentTree +-- glob@7.1.1
102 silly currentTree +-- graceful-fs@4.1.11
102 silly currentTree +-- graceful-readlink@1.0.1
102 silly currentTree +-- har-validator@2.0.6
102 silly currentTree +-- has-ansi@2.0.0
102 silly currentTree +-- hawk@3.1.3
102 silly currentTree +-- hoek@2.16.3
102 silly currentTree +-- home-path@1.0.3
102 silly currentTree +-- hosted-git-info@2.1.5
102 silly currentTree +-- http-signature@1.1.1
102 silly currentTree +-- indent-string@2.1.0
102 silly currentTree +-- inflight@1.0.6
102 silly currentTree +-- inherits@2.0.3
102 silly currentTree +-- ini@1.3.4
102 silly currentTree +-- is-arrayish@0.2.1
102 silly currentTree +-- is-builtin-module@1.0.0
102 silly currentTree +-- is-finite@1.0.2
102 silly currentTree +-- is-fullwidth-code-point@1.0.0
102 silly currentTree +-- is-my-json-valid@2.15.0
102 silly currentTree | `-- xtend@4.0.1
102 silly currentTree +-- is-property@1.0.2
102 silly currentTree +-- is-typedarray@1.0.0
102 silly currentTree +-- is-utf8@0.2.1
102 silly currentTree +-- isarray@0.0.1
102 silly currentTree +-- isstream@0.1.2
102 silly currentTree +-- jodid25519@1.0.2
102 silly currentTree +-- jsbn@0.1.0
102 silly currentTree +-- json-schema@0.2.3
102 silly currentTree +-- json-stringify-safe@5.0.1
102 silly currentTree +-- jsonfile@2.4.0
102 silly currentTree +-- jsonpointer@4.0.0
102 silly currentTree +-- jsprim@1.3.1
102 silly currentTree +-- klaw@1.3.1
102 silly currentTree +-- load-json-file@1.1.0
102 silly currentTree +-- loud-rejection@1.6.0
102 silly currentTree +-- map-obj@1.0.1
102 silly currentTree +-- meow@3.7.0
102 silly currentTree +-- mime-db@1.25.0
102 silly currentTree +-- mime-types@2.1.13
102 silly currentTree +-- minimatch@3.0.3
102 silly currentTree +-- minimist@1.2.0
102 silly currentTree +-- mkdirp@0.5.0
102 silly currentTree | `-- minimist@0.0.8
102 silly currentTree +-- ms@0.7.2
102 silly currentTree +-- normalize-package-data@2.3.5
102 silly currentTree +-- nugget@2.0.1
102 silly currentTree +-- number-is-nan@1.0.1
102 silly currentTree +-- oauth-sign@0.8.2
102 silly currentTree +-- object-assign@4.1.0
102 silly currentTree +-- object-keys@0.4.0
102 silly currentTree +-- once@1.4.0
102 silly currentTree +-- parse-json@2.2.0
102 silly currentTree +-- path-exists@2.1.0
102 silly currentTree +-- path-is-absolute@1.0.1
102 silly currentTree +-- path-type@1.1.0
102 silly currentTree +-- pend@1.2.0
102 silly currentTree +-- pify@2.3.0
102 silly currentTree +-- pinkie-promise@2.0.1
102 silly currentTree +-- pinkie@2.0.4
102 silly currentTree +-- pretty-bytes@1.0.4
102 silly currentTree +-- process-nextick-args@1.0.7
102 silly currentTree +-- progress-stream@1.2.0
102 silly currentTree +-- punycode@1.4.1
102 silly currentTree +-- qs@6.3.0
102 silly currentTree +-- rc@1.1.6
102 silly currentTree +-- read-pkg-up@1.0.1
102 silly currentTree +-- read-pkg@1.1.0
102 silly currentTree +-- readable-stream@1.1.14
102 silly currentTree +-- redent@1.0.0
102 silly currentTree +-- repeating@2.0.1
102 silly currentTree +-- request@2.79.0
102 silly currentTree +-- rimraf@2.5.4
102 silly currentTree +-- semver@5.3.0
102 silly currentTree +-- signal-exit@3.0.2
102 silly currentTree +-- single-line-log@1.1.2
102 silly currentTree +-- sntp@1.0.9
102 silly currentTree +-- spdx-correct@1.0.2
102 silly currentTree +-- spdx-expression-parse@1.0.4
102 silly currentTree +-- spdx-license-ids@1.2.2
102 silly currentTree +-- speedometer@0.1.4
102 silly currentTree +-- sshpk@1.10.1
102 silly currentTree | `-- assert-plus@1.0.0
102 silly currentTree +-- string_decoder@0.10.31
102 silly currentTree +-- string-width@1.0.2
102 silly currentTree +-- stringstream@0.0.5
102 silly currentTree +-- strip-ansi@3.0.1
102 silly currentTree +-- strip-bom@2.0.0
102 silly currentTree +-- strip-indent@1.0.1
102 silly currentTree +-- strip-json-comments@1.0.4
102 silly currentTree +-- sumchecker@1.3.0
102 silly currentTree +-- supports-color@2.0.0
102 silly currentTree +-- throttleit@0.0.2
102 silly currentTree +-- through2@0.2.3
102 silly currentTree +-- tough-cookie@2.3.2
102 silly currentTree +-- trim-newlines@1.0.0
102 silly currentTree +-- tunnel-agent@0.4.3
102 silly currentTree +-- tweetnacl@0.14.5
102 silly currentTree +-- typedarray@0.0.6
102 silly currentTree +-- util-deprecate@1.0.2
102 silly currentTree +-- uuid@3.0.1
102 silly currentTree +-- validate-npm-package-license@3.0.1
102 silly currentTree +-- verror@1.3.6
102 silly currentTree +-- wrappy@1.0.2
102 silly currentTree +-- xtend@2.1.2
102 silly currentTree `-- yauzl@2.4.1
103 silly idealTree electron-quick-start@1.0.0
103 silly idealTree +-- ansi-regex@2.0.0
103 silly idealTree +-- ansi-styles@2.2.1
103 silly idealTree +-- array-find-index@1.0.2
103 silly idealTree +-- asn1@0.2.3
103 silly idealTree +-- assert-plus@0.2.0
103 silly idealTree +-- asynckit@0.4.0
103 silly idealTree +-- aws-sign2@0.6.0
103 silly idealTree +-- aws4@1.5.0
103 silly idealTree +-- balanced-match@0.4.2
103 silly idealTree +-- bcrypt-pbkdf@1.0.0
103 silly idealTree +-- boom@2.10.1
103 silly idealTree +-- brace-expansion@1.1.6
103 silly idealTree +-- builtin-modules@1.1.1
103 silly idealTree +-- camelcase-keys@2.1.0
103 silly idealTree +-- camelcase@2.1.1
103 silly idealTree +-- caseless@0.11.0
103 silly idealTree +-- chalk@1.1.3
103 silly idealTree +-- code-point-at@1.1.0
103 silly idealTree +-- combined-stream@1.0.5
103 silly idealTree +-- commander@2.9.0
103 silly idealTree +-- concat-map@0.0.1
103 silly idealTree +-- concat-stream@1.5.0
103 silly idealTree | +-- isarray@1.0.0
103 silly idealTree | `-- readable-stream@2.0.6
103 silly idealTree +-- core-util-is@1.0.2
103 silly idealTree +-- cryptiles@2.0.5
103 silly idealTree +-- currently-unhandled@0.4.1
103 silly idealTree +-- dashdash@1.14.1
103 silly idealTree | `-- assert-plus@1.0.0
103 silly idealTree +-- debug@2.3.3
103 silly idealTree +-- decamelize@1.2.0
103 silly idealTree +-- deep-extend@0.4.1
103 silly idealTree +-- delayed-stream@1.0.0
103 silly idealTree +-- ecc-jsbn@0.1.1
103 silly idealTree +-- electron-download@3.0.1
103 silly idealTree +-- electron-prebuilt@1.4.12
103 silly idealTree +-- error-ex@1.3.0
103 silly idealTree +-- es6-promise@4.0.5
103 silly idealTree +-- escape-string-regexp@1.0.5
103 silly idealTree +-- extend@3.0.0
103 silly idealTree +-- extract-zip@1.5.0
103 silly idealTree | `-- debug@0.7.4
103 silly idealTree +-- extsprintf@1.0.2
103 silly idealTree +-- fd-slicer@1.0.1
103 silly idealTree +-- find-up@1.1.2
103 silly idealTree +-- forever-agent@0.6.1
103 silly idealTree +-- form-data@2.1.2
103 silly idealTree +-- fs-extra@0.30.0
103 silly idealTree +-- fs.realpath@1.0.0
103 silly idealTree +-- generate-function@2.0.0
103 silly idealTree +-- generate-object-property@1.2.0
103 silly idealTree +-- get-stdin@4.0.1
103 silly idealTree +-- getpass@0.1.6
103 silly idealTree | `-- assert-plus@1.0.0
103 silly idealTree +-- glob@7.1.1
103 silly idealTree +-- graceful-fs@4.1.11
103 silly idealTree +-- graceful-readlink@1.0.1
103 silly idealTree +-- har-validator@2.0.6
103 silly idealTree +-- has-ansi@2.0.0
103 silly idealTree +-- hawk@3.1.3
103 silly idealTree +-- hoek@2.16.3
103 silly idealTree +-- home-path@1.0.3
103 silly idealTree +-- hosted-git-info@2.1.5
103 silly idealTree +-- http-signature@1.1.1
103 silly idealTree +-- indent-string@2.1.0
103 silly idealTree +-- inflight@1.0.6
103 silly idealTree +-- inherits@2.0.3
103 silly idealTree +-- ini@1.3.4
103 silly idealTree +-- is-arrayish@0.2.1
103 silly idealTree +-- is-builtin-module@1.0.0
103 silly idealTree +-- is-finite@1.0.2
103 silly idealTree +-- is-fullwidth-code-point@1.0.0
103 silly idealTree +-- is-my-json-valid@2.15.0
103 silly idealTree | `-- xtend@4.0.1
103 silly idealTree +-- is-property@1.0.2
103 silly idealTree +-- is-typedarray@1.0.0
103 silly idealTree +-- is-utf8@0.2.1
103 silly idealTree +-- isarray@0.0.1
103 silly idealTree +-- isstream@0.1.2
103 silly idealTree +-- jodid25519@1.0.2
103 silly idealTree +-- jsbn@0.1.0
103 silly idealTree +-- json-schema@0.2.3
103 silly idealTree +-- json-stringify-safe@5.0.1
103 silly idealTree +-- jsonfile@2.4.0
103 silly idealTree +-- jsonpointer@4.0.0
103 silly idealTree +-- jsprim@1.3.1
103 silly idealTree +-- klaw@1.3.1
103 silly idealTree +-- load-json-file@1.1.0
103 silly idealTree +-- loud-rejection@1.6.0
103 silly idealTree +-- map-obj@1.0.1
103 silly idealTree +-- meow@3.7.0
103 silly idealTree +-- mime-db@1.25.0
103 silly idealTree +-- mime-types@2.1.13
103 silly idealTree +-- minimatch@3.0.3
103 silly idealTree +-- minimist@1.2.0
103 silly idealTree +-- mkdirp@0.5.0
103 silly idealTree | `-- minimist@0.0.8
103 silly idealTree +-- ms@0.7.2
103 silly idealTree +-- nan@2.4.0
103 silly idealTree +-- normalize-package-data@2.3.5
103 silly idealTree +-- nugget@2.0.1
103 silly idealTree +-- number-is-nan@1.0.1
103 silly idealTree +-- oauth-sign@0.8.2
103 silly idealTree +-- object-assign@4.1.0
103 silly idealTree +-- object-keys@0.4.0
103 silly idealTree +-- once@1.4.0
103 silly idealTree +-- parse-json@2.2.0
103 silly idealTree +-- path-exists@2.1.0
103 silly idealTree +-- path-is-absolute@1.0.1
103 silly idealTree +-- path-type@1.1.0
103 silly idealTree +-- pend@1.2.0
103 silly idealTree +-- pify@2.3.0
103 silly idealTree +-- pinkie-promise@2.0.1
103 silly idealTree +-- pinkie@2.0.4
103 silly idealTree +-- pretty-bytes@1.0.4
103 silly idealTree +-- process-nextick-args@1.0.7
103 silly idealTree +-- progress-stream@1.2.0
103 silly idealTree +-- punycode@1.4.1
103 silly idealTree +-- qs@6.3.0
103 silly idealTree +-- rc@1.1.6
103 silly idealTree +-- read-pkg-up@1.0.1
103 silly idealTree +-- read-pkg@1.1.0
103 silly idealTree +-- readable-stream@1.1.14
103 silly idealTree +-- redent@1.0.0
103 silly idealTree +-- repeating@2.0.1
103 silly idealTree +-- request@2.79.0
103 silly idealTree +-- rimraf@2.5.4
103 silly idealTree +-- semver@5.3.0
103 silly idealTree +-- signal-exit@3.0.2
103 silly idealTree +-- single-line-log@1.1.2
103 silly idealTree +-- sleep@3.0.1
103 silly idealTree +-- sntp@1.0.9
103 silly idealTree +-- spdx-correct@1.0.2
103 silly idealTree +-- spdx-expression-parse@1.0.4
103 silly idealTree +-- spdx-license-ids@1.2.2
103 silly idealTree +-- speedometer@0.1.4
103 silly idealTree +-- sshpk@1.10.1
103 silly idealTree | `-- assert-plus@1.0.0
103 silly idealTree +-- string_decoder@0.10.31
103 silly idealTree +-- string-width@1.0.2
103 silly idealTree +-- stringstream@0.0.5
103 silly idealTree +-- strip-ansi@3.0.1
103 silly idealTree +-- strip-bom@2.0.0
103 silly idealTree +-- strip-indent@1.0.1
103 silly idealTree +-- strip-json-comments@1.0.4
103 silly idealTree +-- sumchecker@1.3.0
103 silly idealTree +-- supports-color@2.0.0
103 silly idealTree +-- throttleit@0.0.2
103 silly idealTree +-- through2@0.2.3
103 silly idealTree +-- tough-cookie@2.3.2
103 silly idealTree +-- trim-newlines@1.0.0
103 silly idealTree +-- tunnel-agent@0.4.3
103 silly idealTree +-- tweetnacl@0.14.5
103 silly idealTree +-- typedarray@0.0.6
103 silly idealTree +-- util-deprecate@1.0.2
103 silly idealTree +-- uuid@3.0.1
103 silly idealTree +-- validate-npm-package-license@3.0.1
103 silly idealTree +-- verror@1.3.6
103 silly idealTree +-- wrappy@1.0.2
103 silly idealTree +-- xtend@2.1.2
103 silly idealTree `-- yauzl@2.4.1
104 silly generateActionsToTake Starting
105 silly install generateActionsToTake
106 silly generateActionsToTake Finishing
107 silly diffTrees action count 2
108 silly diffTrees add nan@2.4.0
109 silly diffTrees add sleep@3.0.1
110 silly decomposeActions action count 16
111 silly decomposeActions fetch nan@2.4.0
112 silly decomposeActions extract nan@2.4.0
113 silly decomposeActions test nan@2.4.0
114 silly decomposeActions preinstall nan@2.4.0
115 silly decomposeActions build nan@2.4.0
116 silly decomposeActions install nan@2.4.0
117 silly decomposeActions postinstall nan@2.4.0
118 silly decomposeActions finalize nan@2.4.0
119 silly decomposeActions fetch sleep@3.0.1
120 silly decomposeActions extract sleep@3.0.1
121 silly decomposeActions test sleep@3.0.1
122 silly decomposeActions preinstall sleep@3.0.1
123 silly decomposeActions build sleep@3.0.1
124 silly decomposeActions install sleep@3.0.1
125 silly decomposeActions postinstall sleep@3.0.1
126 silly decomposeActions finalize sleep@3.0.1
127 silly runTopLevelLifecycles Starting
128 silly install runPreinstallTopLevelLifecycles
129 silly preinstall electron-quick-start@1.0.0
130 info lifecycle electron-quick-start@1.0.0~preinstall: electron-quick-start@1.0.0
131 silly lifecycle electron-quick-start@1.0.0~preinstall: no script for preinstall, continuing
132 silly executeActions Starting
133 silly install executeActions
134 silly doSerial global-install 0
135 silly doParallel fetch 2
136 verbose correctMkdir C:\Users\mail\AppData\Roaming\npm-cache\_locks correctMkdir not in flight; initializing
137 verbose lock using C:\Users\mail\AppData\Roaming\npm-cache\_locks\staging-2f116f8f7a9ab11b.lock for C:\Users\mail\Documents\Projects\GraphProgramming\grapheditor\electron\node_modules\.staging
138 silly doParallel extract 2
139 silly extract nan@2.4.0
140 silly extract sleep@3.0.1
141 verbose unbuild node_modules\.staging\sleep-f9973c58
142 verbose unbuild node_modules\.staging\nan-a60d290a
143 silly gentlyRm C:\Users\mail\Documents\Projects\GraphProgramming\grapheditor\electron\node_modules\.staging\sleep-f9973c58 is being purged from base C:\Users\mail\Documents\Projects\GraphProgramming\grapheditor\electron
144 verbose gentlyRm don't care about contents; nuking C:\Users\mail\Documents\Projects\GraphProgramming\grapheditor\electron\node_modules\.staging\sleep-f9973c58
145 silly gentlyRm C:\Users\mail\Documents\Projects\GraphProgramming\grapheditor\electron\node_modules\.staging\nan-a60d290a is being purged from base C:\Users\mail\Documents\Projects\GraphProgramming\grapheditor\electron
146 verbose gentlyRm don't care about contents; nuking C:\Users\mail\Documents\Projects\GraphProgramming\grapheditor\electron\node_modules\.staging\nan-a60d290a
147 verbose tar unpack C:\Users\mail\AppData\Roaming\npm-cache\sleep\3.0.1\package.tgz
148 verbose tar unpacking to C:\Users\mail\Documents\Projects\GraphProgramming\grapheditor\electron\node_modules\.staging\sleep-f9973c58
149 silly gentlyRm C:\Users\mail\Documents\Projects\GraphProgramming\grapheditor\electron\node_modules\.staging\sleep-f9973c58 is being purged
150 verbose gentlyRm don't care about contents; nuking C:\Users\mail\Documents\Projects\GraphProgramming\grapheditor\electron\node_modules\.staging\sleep-f9973c58
151 verbose tar unpack C:\Users\mail\AppData\Roaming\npm-cache\nan\2.4.0\package.tgz
152 verbose tar unpacking to C:\Users\mail\Documents\Projects\GraphProgramming\grapheditor\electron\node_modules\.staging\nan-a60d290a
153 silly gentlyRm C:\Users\mail\Documents\Projects\GraphProgramming\grapheditor\electron\node_modules\.staging\nan-a60d290a is being purged
154 verbose gentlyRm don't care about contents; nuking C:\Users\mail\Documents\Projects\GraphProgramming\grapheditor\electron\node_modules\.staging\nan-a60d290a
155 silly gunzTarPerm modes [ '777', '666' ]
156 silly gunzTarPerm modes [ '777', '666' ]
157 silly gunzTarPerm extractEntry package.json
158 silly gunzTarPerm modified mode [ 'package.json', 436, 438 ]
159 silly gunzTarPerm extractEntry package.json
160 silly gunzTarPerm modified mode [ 'package.json', 436, 438 ]
161 silly gunzTarPerm extractEntry .npmignore
162 silly gunzTarPerm modified mode [ '.npmignore', 436, 438 ]
163 silly gunzTarPerm extractEntry README.md
164 silly gunzTarPerm modified mode [ 'README.md', 436, 438 ]
165 silly gunzTarPerm extractEntry README.md
166 silly gunzTarPerm modified mode [ 'README.md', 436, 438 ]
167 silly gunzTarPerm extractEntry include_dirs.js
168 silly gunzTarPerm modified mode [ 'include_dirs.js', 436, 438 ]
169 silly gunzTarPerm extractEntry index.js
170 silly gunzTarPerm modified mode [ 'index.js', 436, 438 ]
171 silly gunzTarPerm extractEntry test.js
172 silly gunzTarPerm modified mode [ 'test.js', 436, 438 ]
173 silly gunzTarPerm extractEntry nan_callbacks_pre_12_inl.h
174 silly gunzTarPerm modified mode [ 'nan_callbacks_pre_12_inl.h', 436, 438 ]
175 silly gunzTarPerm extractEntry CHANGELOG.md
176 silly gunzTarPerm modified mode [ 'CHANGELOG.md', 436, 438 ]
177 silly gunzTarPerm extractEntry LICENSE.md
178 silly gunzTarPerm modified mode [ 'LICENSE.md', 436, 438 ]
179 silly gunzTarPerm extractEntry doc/node_misc.md
180 silly gunzTarPerm modified mode [ 'doc/node_misc.md', 436, 438 ]
181 silly gunzTarPerm extractEntry LICENSE.txt
182 silly gunzTarPerm modified mode [ 'LICENSE.txt', 436, 438 ]
183 silly gunzTarPerm extractEntry binding.gyp
184 silly gunzTarPerm modified mode [ 'binding.gyp', 436, 438 ]
185 silly gunzTarPerm extractEntry doc/asyncworker.md
186 silly gunzTarPerm modified mode [ 'doc/asyncworker.md', 436, 438 ]
187 silly gunzTarPerm extractEntry doc/callback.md
188 silly gunzTarPerm modified mode [ 'doc/callback.md', 436, 438 ]
189 silly gunzTarPerm extractEntry sleep.cc
190 silly gunzTarPerm modified mode [ 'sleep.cc', 436, 438 ]
191 silly gunzTarPerm extractEntry doc/converters.md
192 silly gunzTarPerm modified mode [ 'doc/converters.md', 436, 438 ]
193 silly gunzTarPerm extractEntry doc/errors.md
194 silly gunzTarPerm modified mode [ 'doc/errors.md', 436, 438 ]
195 silly gunzTarPerm extractEntry doc/maybe_types.md
196 silly gunzTarPerm modified mode [ 'doc/maybe_types.md', 436, 438 ]
197 silly gunzTarPerm extractEntry doc/methods.md
198 silly gunzTarPerm modified mode [ 'doc/methods.md', 436, 438 ]
199 silly gunzTarPerm extractEntry doc/new.md
200 silly gunzTarPerm modified mode [ 'doc/new.md', 436, 438 ]
201 silly gunzTarPerm extractEntry doc/buffers.md
202 silly gunzTarPerm modified mode [ 'doc/buffers.md', 436, 438 ]
203 silly gunzTarPerm extractEntry doc/object_wrappers.md
204 silly gunzTarPerm modified mode [ 'doc/object_wrappers.md', 436, 438 ]
205 silly gunzTarPerm extractEntry doc/persistent.md
206 silly gunzTarPerm modified mode [ 'doc/persistent.md', 436, 438 ]
207 silly gunzTarPerm extractEntry doc/scopes.md
208 silly gunzTarPerm modified mode [ 'doc/scopes.md', 436, 438 ]
209 silly gunzTarPerm extractEntry doc/script.md
210 silly gunzTarPerm modified mode [ 'doc/script.md', 436, 438 ]
211 silly gunzTarPerm extractEntry doc/string_bytes.md
212 silly gunzTarPerm modified mode [ 'doc/string_bytes.md', 436, 438 ]
213 silly gunzTarPerm extractEntry doc/v8_internals.md
214 silly gunzTarPerm modified mode [ 'doc/v8_internals.md', 436, 438 ]
215 silly gentlyRm C:\Users\mail\Documents\Projects\GraphProgramming\grapheditor\electron\node_modules\.staging\sleep-f9973c58\node_modules is being purged
216 verbose gentlyRm don't care about contents; nuking C:\Users\mail\Documents\Projects\GraphProgramming\grapheditor\electron\node_modules\.staging\sleep-f9973c58\node_modules
217 silly gunzTarPerm extractEntry doc/v8_misc.md
218 silly gunzTarPerm modified mode [ 'doc/v8_misc.md', 436, 438 ]
219 silly gunzTarPerm extractEntry nan.h
220 silly gunzTarPerm modified mode [ 'nan.h', 436, 438 ]
221 silly gunzTarPerm extractEntry nan_callbacks.h
222 silly gunzTarPerm modified mode [ 'nan_callbacks.h', 436, 438 ]
223 silly gunzTarPerm extractEntry nan_callbacks_12_inl.h
224 silly gunzTarPerm modified mode [ 'nan_callbacks_12_inl.h', 436, 438 ]
225 silly gunzTarPerm extractEntry nan_converters.h
226 silly gunzTarPerm modified mode [ 'nan_converters.h', 436, 438 ]
227 silly gunzTarPerm extractEntry nan_converters_43_inl.h
228 silly gunzTarPerm modified mode [ 'nan_converters_43_inl.h', 436, 438 ]
229 silly gunzTarPerm extractEntry nan_converters_pre_43_inl.h
230 silly gunzTarPerm modified mode [ 'nan_converters_pre_43_inl.h', 436, 438 ]
231 silly gunzTarPerm extractEntry nan_implementation_12_inl.h
232 silly gunzTarPerm modified mode [ 'nan_implementation_12_inl.h', 436, 438 ]
233 silly gunzTarPerm extractEntry nan_implementation_pre_12_inl.h
234 silly gunzTarPerm modified mode [ 'nan_implementation_pre_12_inl.h', 436, 438 ]
235 silly gunzTarPerm extractEntry nan_maybe_43_inl.h
236 silly gunzTarPerm modified mode [ 'nan_maybe_43_inl.h', 436, 438 ]
237 silly gunzTarPerm extractEntry nan_maybe_pre_43_inl.h
238 silly gunzTarPerm modified mode [ 'nan_maybe_pre_43_inl.h', 436, 438 ]
239 silly gunzTarPerm extractEntry nan_new.h
240 silly gunzTarPerm modified mode [ 'nan_new.h', 436, 438 ]
241 silly gunzTarPerm extractEntry nan_object_wrap.h
242 silly gunzTarPerm modified mode [ 'nan_object_wrap.h', 436, 438 ]
243 silly gunzTarPerm extractEntry nan_persistent_12_inl.h
244 silly gunzTarPerm modified mode [ 'nan_persistent_12_inl.h', 436, 438 ]
245 silly gunzTarPerm extractEntry nan_persistent_pre_12_inl.h
246 silly gunzTarPerm modified mode [ 'nan_persistent_pre_12_inl.h', 436, 438 ]
247 silly gunzTarPerm extractEntry nan_string_bytes.h
248 silly gunzTarPerm modified mode [ 'nan_string_bytes.h', 436, 438 ]
249 silly gunzTarPerm extractEntry nan_typedarray_contents.h
250 silly gunzTarPerm modified mode [ 'nan_typedarray_contents.h', 436, 438 ]
251 silly gunzTarPerm extractEntry nan_weak.h
252 silly gunzTarPerm modified mode [ 'nan_weak.h', 436, 438 ]
253 silly gunzTarPerm extractEntry tools/package.json
254 silly gunzTarPerm modified mode [ 'tools/package.json', 436, 438 ]
255 silly gunzTarPerm extractEntry tools/README.md
256 silly gunzTarPerm modified mode [ 'tools/README.md', 436, 438 ]
257 silly gunzTarPerm extractEntry tools/1to2.js
258 silly gunzTarPerm modified mode [ 'tools/1to2.js', 509, 511 ]
259 silly gentlyRm C:\Users\mail\Documents\Projects\GraphProgramming\grapheditor\electron\node_modules\.staging\nan-a60d290a\node_modules is being purged
260 verbose gentlyRm don't care about contents; nuking C:\Users\mail\Documents\Projects\GraphProgramming\grapheditor\electron\node_modules\.staging\nan-a60d290a\node_modules
261 silly doParallel preinstall 2
262 silly preinstall nan@2.4.0
263 info lifecycle nan@2.4.0~preinstall: nan@2.4.0
264 silly preinstall sleep@3.0.1
265 info lifecycle sleep@3.0.1~preinstall: sleep@3.0.1
266 silly lifecycle nan@2.4.0~preinstall: no script for preinstall, continuing
267 silly lifecycle sleep@3.0.1~preinstall: no script for preinstall, continuing
268 silly doReverseSerial remove 0
269 silly doSerial move 0
270 silly doSerial finalize 2
271 silly finalize C:\Users\mail\Documents\Projects\GraphProgramming\grapheditor\electron\node_modules\nan
272 silly finalize C:\Users\mail\Documents\Projects\GraphProgramming\grapheditor\electron\node_modules\sleep
273 silly doSerial build 2
274 silly build nan@2.4.0
275 info linkStuff nan@2.4.0
276 silly linkStuff nan@2.4.0 has C:\Users\mail\Documents\Projects\GraphProgramming\grapheditor\electron\node_modules as its parent node_modules
277 verbose linkBins nan@2.4.0
278 verbose linkMans nan@2.4.0
279 silly build sleep@3.0.1
280 info linkStuff sleep@3.0.1
281 silly linkStuff sleep@3.0.1 has C:\Users\mail\Documents\Projects\GraphProgramming\grapheditor\electron\node_modules as its parent node_modules
282 verbose linkBins sleep@3.0.1
283 verbose linkMans sleep@3.0.1
284 silly doSerial global-link 0
285 silly doParallel update-linked 0
286 silly doSerial install 2
287 silly install nan@2.4.0
288 info lifecycle nan@2.4.0~install: nan@2.4.0
289 silly lifecycle nan@2.4.0~install: no script for install, continuing
290 silly install sleep@3.0.1
291 info lifecycle sleep@3.0.1~install: sleep@3.0.1
292 verbose lifecycle sleep@3.0.1~install: unsafe-perm in lifecycle true
293 verbose lifecycle sleep@3.0.1~install: PATH: C:\Users\mail\AppData\Roaming\npm\node_modules\npm\bin\node-gyp-bin;C:\Users\mail\Documents\Projects\GraphProgramming\grapheditor\electron\node_modules\sleep\node_modules\.bin;C:\Users\mail\Documents\Projects\GraphProgramming\grapheditor\electron\node_modules\.bin;C:\Program Files\NVIDIA GPU Computing Toolkit\CUDA\v8.0\bin;C:\Program Files\NVIDIA GPU Computing Toolkit\CUDA\v8.0\libnvvp;;C:\ProgramData\Oracle\Java\javapath;C:\WINDOWS\system32;C:\WINDOWS;C:\WINDOWS\System32\Wbem;C:\WINDOWS\System32\WindowsPowerShell\v1.0\;C:\Program Files (x86)\nodejs\;C:\Program Files\Microsoft SQL Server\130\Tools\Binn\;C:\Program Files\Git\cmd;C:\Program Files (x86)\NVIDIA Corporation\PhysX\Common;C:\Users\mail\Anaconda2;C:\Users\mail\Anaconda2\Scripts;C:\Users\mail\Anaconda2\Library\bin;C:\Users\mail\Anaconda3;C:\Users\mail\Anaconda3\Scripts;C:\Users\mail\Anaconda3\Library\bin;C:\Program Files (x86)\Microsoft VS Code\bin;C:\Users\mail\AppData\Roaming\npm;C:\Users\mail\AppData\Local\Programs\MiKTeX 2.9\miktex\bin\x64\;C:\ProgramData\chocolatey\bin;C:\Users\mail\AppData\Local\Microsoft\WindowsApps;C:\Program Files\Java\jdk1.8.0_71\bin;C:\Users\mail\AppData\Local\atom\bin
294 verbose lifecycle sleep@3.0.1~install: CWD: C:\Users\mail\Documents\Projects\GraphProgramming\grapheditor\electron\node_modules\sleep
295 silly lifecycle sleep@3.0.1~install: Args: [ '/d /s /c', 'node-gyp rebuild' ]
296 silly lifecycle sleep@3.0.1~install: Returned: code: 1  signal: null
297 info lifecycle sleep@3.0.1~install: Failed to exec install script
298 verbose unlock done using C:\Users\mail\AppData\Roaming\npm-cache\_locks\staging-2f116f8f7a9ab11b.lock for C:\Users\mail\Documents\Projects\GraphProgramming\grapheditor\electron\node_modules\.staging
299 silly rollbackFailedOptional Starting
300 silly gentlyRm C:\Users\mail\Documents\Projects\GraphProgramming\grapheditor\electron\node_modules\nan is being purged from base C:\Users\mail\Documents\Projects\GraphProgramming\grapheditor\electron
301 verbose gentlyRm don't care about contents; nuking C:\Users\mail\Documents\Projects\GraphProgramming\grapheditor\electron\node_modules\nan
302 silly gentlyRm C:\Users\mail\Documents\Projects\GraphProgramming\grapheditor\electron\node_modules\nan is being purged from base C:\Users\mail\Documents\Projects\GraphProgramming\grapheditor\electron
303 verbose gentlyRm don't care about contents; nuking C:\Users\mail\Documents\Projects\GraphProgramming\grapheditor\electron\node_modules\nan
304 silly gentlyRm C:\Users\mail\Documents\Projects\GraphProgramming\grapheditor\electron\node_modules\nan is being purged from base C:\Users\mail\Documents\Projects\GraphProgramming\grapheditor\electron
305 verbose gentlyRm don't care about contents; nuking C:\Users\mail\Documents\Projects\GraphProgramming\grapheditor\electron\node_modules\nan
306 silly gentlyRm C:\Users\mail\Documents\Projects\GraphProgramming\grapheditor\electron\node_modules\nan is being purged from base C:\Users\mail\Documents\Projects\GraphProgramming\grapheditor\electron
307 verbose gentlyRm don't care about contents; nuking C:\Users\mail\Documents\Projects\GraphProgramming\grapheditor\electron\node_modules\nan
308 silly gentlyRm C:\Users\mail\Documents\Projects\GraphProgramming\grapheditor\electron\node_modules\nan is being purged from base C:\Users\mail\Documents\Projects\GraphProgramming\grapheditor\electron
309 verbose gentlyRm don't care about contents; nuking C:\Users\mail\Documents\Projects\GraphProgramming\grapheditor\electron\node_modules\nan
310 silly gentlyRm C:\Users\mail\Documents\Projects\GraphProgramming\grapheditor\electron\node_modules\nan is being purged from base C:\Users\mail\Documents\Projects\GraphProgramming\grapheditor\electron
311 verbose gentlyRm don't care about contents; nuking C:\Users\mail\Documents\Projects\GraphProgramming\grapheditor\electron\node_modules\nan
312 silly gentlyRm C:\Users\mail\Documents\Projects\GraphProgramming\grapheditor\electron\node_modules\nan is being purged from base C:\Users\mail\Documents\Projects\GraphProgramming\grapheditor\electron
313 verbose gentlyRm don't care about contents; nuking C:\Users\mail\Documents\Projects\GraphProgramming\grapheditor\electron\node_modules\nan
314 silly gentlyRm C:\Users\mail\Documents\Projects\GraphProgramming\grapheditor\electron\node_modules\nan is being purged from base C:\Users\mail\Documents\Projects\GraphProgramming\grapheditor\electron
315 verbose gentlyRm don't care about contents; nuking C:\Users\mail\Documents\Projects\GraphProgramming\grapheditor\electron\node_modules\nan
316 silly gentlyRm C:\Users\mail\Documents\Projects\GraphProgramming\grapheditor\electron\node_modules\sleep is being purged from base C:\Users\mail\Documents\Projects\GraphProgramming\grapheditor\electron
317 verbose gentlyRm don't care about contents; nuking C:\Users\mail\Documents\Projects\GraphProgramming\grapheditor\electron\node_modules\sleep
318 silly gentlyRm C:\Users\mail\Documents\Projects\GraphProgramming\grapheditor\electron\node_modules\sleep is being purged from base C:\Users\mail\Documents\Projects\GraphProgramming\grapheditor\electron
319 verbose gentlyRm don't care about contents; nuking C:\Users\mail\Documents\Projects\GraphProgramming\grapheditor\electron\node_modules\sleep
320 silly gentlyRm C:\Users\mail\Documents\Projects\GraphProgramming\grapheditor\electron\node_modules\sleep is being purged from base C:\Users\mail\Documents\Projects\GraphProgramming\grapheditor\electron
321 verbose gentlyRm don't care about contents; nuking C:\Users\mail\Documents\Projects\GraphProgramming\grapheditor\electron\node_modules\sleep
322 silly gentlyRm C:\Users\mail\Documents\Projects\GraphProgramming\grapheditor\electron\node_modules\sleep is being purged from base C:\Users\mail\Documents\Projects\GraphProgramming\grapheditor\electron
323 verbose gentlyRm don't care about contents; nuking C:\Users\mail\Documents\Projects\GraphProgramming\grapheditor\electron\node_modules\sleep
324 silly gentlyRm C:\Users\mail\Documents\Projects\GraphProgramming\grapheditor\electron\node_modules\sleep is being purged from base C:\Users\mail\Documents\Projects\GraphProgramming\grapheditor\electron
325 verbose gentlyRm don't care about contents; nuking C:\Users\mail\Documents\Projects\GraphProgramming\grapheditor\electron\node_modules\sleep
326 silly gentlyRm C:\Users\mail\Documents\Projects\GraphProgramming\grapheditor\electron\node_modules\sleep is being purged from base C:\Users\mail\Documents\Projects\GraphProgramming\grapheditor\electron
327 verbose gentlyRm don't care about contents; nuking C:\Users\mail\Documents\Projects\GraphProgramming\grapheditor\electron\node_modules\sleep
328 silly gentlyRm C:\Users\mail\Documents\Projects\GraphProgramming\grapheditor\electron\node_modules\sleep is being purged from base C:\Users\mail\Documents\Projects\GraphProgramming\grapheditor\electron
329 verbose gentlyRm don't care about contents; nuking C:\Users\mail\Documents\Projects\GraphProgramming\grapheditor\electron\node_modules\sleep
330 silly gentlyRm C:\Users\mail\Documents\Projects\GraphProgramming\grapheditor\electron\node_modules\sleep is being purged from base C:\Users\mail\Documents\Projects\GraphProgramming\grapheditor\electron
331 verbose gentlyRm don't care about contents; nuking C:\Users\mail\Documents\Projects\GraphProgramming\grapheditor\electron\node_modules\sleep
332 silly vacuum-fs purging C:\Users\mail\Documents\Projects\GraphProgramming\grapheditor\electron\node_modules\nan
333 silly vacuum-fs purging C:\Users\mail\Documents\Projects\GraphProgramming\grapheditor\electron\node_modules\nan
334 silly vacuum-fs purging C:\Users\mail\Documents\Projects\GraphProgramming\grapheditor\electron\node_modules\nan
335 silly vacuum-fs purging C:\Users\mail\Documents\Projects\GraphProgramming\grapheditor\electron\node_modules\nan
336 silly vacuum-fs purging C:\Users\mail\Documents\Projects\GraphProgramming\grapheditor\electron\node_modules\nan
337 silly vacuum-fs purging C:\Users\mail\Documents\Projects\GraphProgramming\grapheditor\electron\node_modules\nan
338 silly vacuum-fs purging C:\Users\mail\Documents\Projects\GraphProgramming\grapheditor\electron\node_modules\nan
339 silly vacuum-fs purging C:\Users\mail\Documents\Projects\GraphProgramming\grapheditor\electron\node_modules\nan
340 silly vacuum-fs purging C:\Users\mail\Documents\Projects\GraphProgramming\grapheditor\electron\node_modules\sleep
341 silly vacuum-fs purging C:\Users\mail\Documents\Projects\GraphProgramming\grapheditor\electron\node_modules\sleep
342 silly vacuum-fs purging C:\Users\mail\Documents\Projects\GraphProgramming\grapheditor\electron\node_modules\sleep
343 silly vacuum-fs purging C:\Users\mail\Documents\Projects\GraphProgramming\grapheditor\electron\node_modules\sleep
344 silly vacuum-fs purging C:\Users\mail\Documents\Projects\GraphProgramming\grapheditor\electron\node_modules\sleep
345 silly vacuum-fs purging C:\Users\mail\Documents\Projects\GraphProgramming\grapheditor\electron\node_modules\sleep
346 silly vacuum-fs purging C:\Users\mail\Documents\Projects\GraphProgramming\grapheditor\electron\node_modules\sleep
347 silly vacuum-fs purging C:\Users\mail\Documents\Projects\GraphProgramming\grapheditor\electron\node_modules\sleep
348 silly vacuum-fs quitting because other entries in C:\Users\mail\Documents\Projects\GraphProgramming\grapheditor\electron\node_modules
349 silly vacuum-fs quitting because other entries in C:\Users\mail\Documents\Projects\GraphProgramming\grapheditor\electron\node_modules
350 silly vacuum-fs quitting because other entries in C:\Users\mail\Documents\Projects\GraphProgramming\grapheditor\electron\node_modules
351 silly vacuum-fs quitting because other entries in C:\Users\mail\Documents\Projects\GraphProgramming\grapheditor\electron\node_modules
352 silly vacuum-fs quitting because other entries in C:\Users\mail\Documents\Projects\GraphProgramming\grapheditor\electron\node_modules
353 silly vacuum-fs quitting because other entries in C:\Users\mail\Documents\Projects\GraphProgramming\grapheditor\electron\node_modules
354 silly vacuum-fs quitting because other entries in C:\Users\mail\Documents\Projects\GraphProgramming\grapheditor\electron\node_modules
355 silly vacuum-fs quitting because other entries in C:\Users\mail\Documents\Projects\GraphProgramming\grapheditor\electron\node_modules
356 silly vacuum-fs quitting because other entries in C:\Users\mail\Documents\Projects\GraphProgramming\grapheditor\electron\node_modules
357 silly vacuum-fs quitting because other entries in C:\Users\mail\Documents\Projects\GraphProgramming\grapheditor\electron\node_modules
358 silly vacuum-fs quitting because other entries in C:\Users\mail\Documents\Projects\GraphProgramming\grapheditor\electron\node_modules
359 silly vacuum-fs quitting because other entries in C:\Users\mail\Documents\Projects\GraphProgramming\grapheditor\electron\node_modules
360 silly vacuum-fs quitting because other entries in C:\Users\mail\Documents\Projects\GraphProgramming\grapheditor\electron\node_modules
361 silly vacuum-fs quitting because other entries in C:\Users\mail\Documents\Projects\GraphProgramming\grapheditor\electron\node_modules
362 silly vacuum-fs quitting because other entries in C:\Users\mail\Documents\Projects\GraphProgramming\grapheditor\electron\node_modules
363 silly vacuum-fs quitting because other entries in C:\Users\mail\Documents\Projects\GraphProgramming\grapheditor\electron\node_modules
364 silly rollbackFailedOptional Finishing
365 silly runTopLevelLifecycles Finishing
366 silly install printInstalled
367 verbose stack Error: sleep@3.0.1 install: `node-gyp rebuild`
367 verbose stack Exit status 1
367 verbose stack     at EventEmitter.<anonymous> (C:\Users\mail\AppData\Roaming\npm\node_modules\npm\lib\utils\lifecycle.js:279:16)
367 verbose stack     at emitTwo (events.js:87:13)
367 verbose stack     at EventEmitter.emit (events.js:172:7)
367 verbose stack     at ChildProcess.<anonymous> (C:\Users\mail\AppData\Roaming\npm\node_modules\npm\lib\utils\spawn.js:40:14)
367 verbose stack     at emitTwo (events.js:87:13)
367 verbose stack     at ChildProcess.emit (events.js:172:7)
367 verbose stack     at maybeClose (internal/child_process.js:821:16)
367 verbose stack     at Process.ChildProcess._handle.onexit (internal/child_process.js:211:5)
368 verbose pkgid sleep@3.0.1
369 verbose cwd C:\Users\mail\Documents\Projects\GraphProgramming\grapheditor\electron
370 error Windows_NT 10.0.14393
371 error argv "C:\\Program Files (x86)\\nodejs\\node.exe" "C:\\Users\\mail\\AppData\\Roaming\\npm\\node_modules\\npm\\bin\\npm-cli.js" "install"
372 error node v4.2.6
373 error npm  v4.0.3
374 error code ELIFECYCLE
375 error sleep@3.0.1 install: `node-gyp rebuild`
375 error Exit status 1
376 error Failed at the sleep@3.0.1 install script 'node-gyp rebuild'.
376 error Make sure you have the latest version of node.js and npm installed.
376 error If you do, this is most likely a problem with the sleep package,
376 error not with npm itself.
376 error Tell the author that this fails on your system:
376 error     node-gyp rebuild
376 error You can get information on how to open an issue for this project with:
376 error     npm bugs sleep
376 error Or if that isn't available, you can get their info via:
376 error     npm owner ls sleep
376 error There is likely additional logging output above.
377 verbose exit [ 1, true ]
